<?xml version="1.0" encoding="UTF-8"?>
<testsuite name="blackout.Task1Tests" tests="3" skipped="0" failures="0" errors="0" timestamp="2024-02-27T12:38:26" hostname="Tristans-MacBook-Air.local" time="0.021">
  <properties/>
  <testcase name="testExample()" classname="blackout.Task1Tests" time="0.019"/>
  <testcase name="basicFileSupport()" classname="blackout.Task1Tests" time="0.002"/>
  <testcase name="testDelete()" classname="blackout.Task1Tests" time="0.0"/>
  <system-out><![CDATA[]]></system-out>
  <system-err><![CDATA[]]></system-err>
</testsuite>
