<?xml version="1.0" encoding="UTF-8"?>
<testsuite name="blackout.Task2Tests$FileTrasferExamples" tests="4" skipped="0" failures="0" errors="0" timestamp="2024-02-27T12:38:26" hostname="Tristans-MacBook-Air.local" time="0.015">
  <properties/>
  <testcase name="testOutOfRange()" classname="blackout.Task2Tests$FileTrasferExamples" time="0.01"/>
  <testcase name="testFileProgress()" classname="blackout.Task2Tests$FileTrasferExamples" time="0.001"/>
  <testcase name="testTeleportingSatelliteFileTransfering()" classname="blackout.Task2Tests$FileTrasferExamples" time="0.002"/>
  <testcase name="testBasicTrasnfer()" classname="blackout.Task2Tests$FileTrasferExamples" time="0.0"/>
  <system-out><![CDATA[]]></system-out>
  <system-err><![CDATA[]]></system-err>
</testsuite>
