<?xml version="1.0" encoding="UTF-8"?>
<testsuite name="blackout.Task2Tests$FileExceptions" tests="3" skipped="0" failures="0" errors="0" timestamp="2024-02-27T12:38:26" hostname="Tristans-MacBook-Air.local" time="0.003">
  <properties/>
  <testcase name="testStorageExceptions()" classname="blackout.Task2Tests$FileExceptions" time="0.001"/>
  <testcase name="testFileExistsExceptions()" classname="blackout.Task2Tests$FileExceptions" time="0.0"/>
  <testcase name="testBandwidthExceptions()" classname="blackout.Task2Tests$FileExceptions" time="0.001"/>
  <system-out><![CDATA[]]></system-out>
  <system-err><![CDATA[]]></system-err>
</testsuite>
