<?xml version="1.0" encoding="UTF-8"?>
<testsuite name="blackout.Task2Tests$CommunicableEntitiesInRange" tests="3" skipped="0" failures="0" errors="0" timestamp="2024-02-27T12:38:26" hostname="Tristans-MacBook-Air.local" time="0.016">
  <properties/>
  <testcase name="testEntitiesInRangeMaths()" classname="blackout.Task2Tests$CommunicableEntitiesInRange" time="0.015"/>
  <testcase name="testEntitiesInRangeCompatibilty()" classname="blackout.Task2Tests$CommunicableEntitiesInRange" time="0.0"/>
  <testcase name="testEntitiesInRangeRelaysChainedTogether()" classname="blackout.Task2Tests$CommunicableEntitiesInRange" time="0.001"/>
  <system-out><![CDATA[]]></system-out>
  <system-err><![CDATA[]]></system-err>
</testsuite>
